生成启动时间为 2018/1/11 21:04:50。
     1>项目“C:\Users\admin\Desktop\SyntaxParser\SyntaxParser\SyntaxParser.vcxproj”在节点 2 上(Build 个目标)。
     1>ClCompile:
         D:\visual studio13\VC\bin\CL.exe /c /ZI /nologo /W3 /WX- /sdl /Od /Oy- /D WIN32 /D _DEBUG /D _CONSOLE /D _LIB /D _UNICODE /D UNICODE /Gm /EHsc /RTC1 /MDd /GS /fp:precise /Zc:wchar_t /Zc:forScope /Fo"Debug\\" /Fd"Debug\vc120.pdb" /Gd /TP /analyze- /errorReport:prompt main.cpp
         main.cpp
     1>c:\users\admin\desktop\syntaxparser\syntaxparser\main.cpp(45): warning C4018: “<”: 有符号/无符号不匹配
     1>c:\users\admin\desktop\syntaxparser\syntaxparser\main.cpp(63): warning C4018: “<”: 有符号/无符号不匹配
     1>c:\users\admin\desktop\syntaxparser\syntaxparser\main.cpp(65): warning C4018: “<”: 有符号/无符号不匹配
     1>c:\users\admin\desktop\syntaxparser\syntaxparser\main.cpp(78): warning C4018: “<”: 有符号/无符号不匹配
     1>c:\users\admin\desktop\syntaxparser\syntaxparser\main.cpp(93): warning C4018: “<”: 有符号/无符号不匹配
     1>c:\users\admin\desktop\syntaxparser\syntaxparser\main.cpp(114): warning C4018: “<”: 有符号/无符号不匹配
     1>c:\users\admin\desktop\syntaxparser\syntaxparser\main.cpp(125): warning C4018: “<”: 有符号/无符号不匹配
     1>c:\users\admin\desktop\syntaxparser\syntaxparser\main.cpp(127): warning C4018: “<”: 有符号/无符号不匹配
     1>c:\users\admin\desktop\syntaxparser\syntaxparser\main.cpp(149): warning C4018: “<”: 有符号/无符号不匹配
     1>c:\users\admin\desktop\syntaxparser\syntaxparser\main.cpp(154): warning C4018: “<”: 有符号/无符号不匹配
     1>c:\users\admin\desktop\syntaxparser\syntaxparser\main.cpp(160): warning C4018: “<”: 有符号/无符号不匹配
     1>c:\users\admin\desktop\syntaxparser\syntaxparser\main.cpp(170): warning C4018: “<”: 有符号/无符号不匹配
     1>c:\users\admin\desktop\syntaxparser\syntaxparser\main.cpp(186): warning C4018: “<”: 有符号/无符号不匹配
     1>c:\users\admin\desktop\syntaxparser\syntaxparser\main.cpp(217): warning C4018: “<”: 有符号/无符号不匹配
     1>c:\users\admin\desktop\syntaxparser\syntaxparser\main.cpp(247): warning C4018: “<”: 有符号/无符号不匹配
       Link:
         D:\visual studio13\VC\bin\link.exe /ERRORREPORT:PROMPT /OUT:"C:\Users\admin\Desktop\SyntaxParser\Debug\SyntaxParser.exe" /INCREMENTAL /NOLOGO kernel32.lib user32.lib gdi32.lib winspool.lib comdlg32.lib advapi32.lib shell32.lib ole32.lib oleaut32.lib uuid.lib odbc32.lib odbccp32.lib /MANIFEST /MANIFESTUAC:"level='asInvoker' uiAccess='false'" /manifest:embed /DEBUG /PDB:"C:\Users\admin\Desktop\SyntaxParser\Debug\SyntaxParser.pdb" /SUBSYSTEM:CONSOLE /TLBID:1 /DYNAMICBASE /NXCOMPAT /IMPLIB:"C:\Users\admin\Desktop\SyntaxParser\Debug\SyntaxParser.lib" /MACHINE:X86 Debug\main.obj
         SyntaxParser.vcxproj -> C:\Users\admin\Desktop\SyntaxParser\Debug\SyntaxParser.exe
     1>已完成生成项目“C:\Users\admin\Desktop\SyntaxParser\SyntaxParser\SyntaxParser.vcxproj”(Build 个目标)的操作。

生成成功。

已用时间 00:00:01.60
